<?xml version="1.0" encoding="UTF-8"?>
<!-- Generated by org.testng.reporters.JUnitReportReporter -->
<testsuite hostname="Madhan" name="com.accenture.testng.NewTest02" tests="2" failures="0" timestamp="28 May 2020 11:34:08 GMT" time="0.005" errors="0">
  <testcase name="testTwitter" time="0.004" classname="com.accenture.testng.NewTest02"/>
  <testcase name="testFacebook" time="0.001" classname="com.accenture.testng.NewTest02"/>
</testsuite> <!-- com.accenture.testng.NewTest02 -->
