<?xml version="1.0" encoding="UTF-8"?>
<!-- Generated by org.testng.reporters.JUnitReportReporter -->
<testsuite hostname="Madhan" name="com.accenture.testng.NewTestDiffAnnotations" tests="1" failures="0" timestamp="26 May 2020 09:06:54 GMT" time="0.008" errors="0">
  <testcase name="test" time="0.008" classname="com.accenture.testng.NewTestDiffAnnotations"/>
</testsuite> <!-- com.accenture.testng.NewTestDiffAnnotations -->
