<?xml version="1.0" encoding="UTF-8"?>
<!-- Generated by org.testng.reporters.JUnitReportReporter -->
<testsuite hostname="Madhan" name="com.accenture.testng.NewTest03" tests="1" failures="0" timestamp="31 May 2020 03:09:26 GMT" time="0.003" errors="0">
  <testcase name="method1" time="0.003" classname="com.accenture.testng.NewTest03"/>
</testsuite> <!-- com.accenture.testng.NewTest03 -->
