<?xml version="1.0" encoding="UTF-8"?>
<!-- Generated by org.testng.reporters.JUnitReportReporter -->
<testsuite hostname="Madhan" name="com.accenture.testng.TestNGClass" tests="3" failures="0" timestamp="28 May 2020 11:02:18 GMT" time="0.008" errors="0">
  <testcase name="testNGMethod" time="0.000" classname="com.accenture.testng.TestNGClass"/>
  <testcase name="testNGA" time="0.008" classname="com.accenture.testng.TestNGClass"/>
  <testcase name="testNGB" time="0.000" classname="com.accenture.testng.TestNGClass"/>
</testsuite> <!-- com.accenture.testng.TestNGClass -->
